c:\users\f55do\source\repos\jaba\jaba\debug\vc142.pdb
c:\users\f55do\source\repos\jaba\jaba\debug\.netframework,version=v4.7.2.assemblyattributes.obj
c:\users\f55do\source\repos\jaba\jaba\debug\practice_form.obj
c:\users\f55do\source\repos\jaba\jaba\debug\pyramid_form.obj
c:\users\f55do\source\repos\jaba\jaba\debug\prizma_form.obj
c:\users\f55do\source\repos\jaba\jaba\debug\parallel_form.obj
c:\users\f55do\source\repos\jaba\jaba\debug\shape.obj
c:\users\f55do\source\repos\jaba\jaba\debug\peak.obj
c:\users\f55do\source\repos\jaba\jaba\debug\pyramid.obj
c:\users\f55do\source\repos\jaba\jaba\debug\prizm.obj
c:\users\f55do\source\repos\jaba\jaba\debug\parallelepiped.obj
c:\users\f55do\source\repos\jaba\jaba\debug\cube.obj
c:\users\f55do\source\repos\jaba\jaba\debug\cube_form.obj
c:\users\f55do\source\repos\jaba\jaba\debug\jaba.cube_form.resources
c:\users\f55do\source\repos\jaba\jaba\debug\jaba.parallel_form.resources
c:\users\f55do\source\repos\jaba\jaba\debug\jaba.practice_form.resources
c:\users\f55do\source\repos\jaba\jaba\debug\jaba.prizma_form.resources
c:\users\f55do\source\repos\jaba\jaba\debug\jaba.pyramid_form.resources
c:\users\f55do\source\repos\jaba\debug\jaba.exe
c:\users\f55do\source\repos\jaba\debug\jaba.pdb
c:\users\f55do\source\repos\jaba\jaba\debug\jaba.tlog\cl.command.1.tlog
c:\users\f55do\source\repos\jaba\jaba\debug\jaba.tlog\cl.read.1.tlog
c:\users\f55do\source\repos\jaba\jaba\debug\jaba.tlog\cl.write.1.tlog
c:\users\f55do\source\repos\jaba\jaba\debug\jaba.tlog\jaba.write.1u.tlog
c:\users\f55do\source\repos\jaba\jaba\debug\jaba.tlog\link.command.1.tlog
c:\users\f55do\source\repos\jaba\jaba\debug\jaba.tlog\link.read.1.tlog
c:\users\f55do\source\repos\jaba\jaba\debug\jaba.tlog\link.write.1.tlog
c:\users\f55do\source\repos\jaba\jaba\debug\jaba.tlog\metagen.read.1.tlog
c:\users\f55do\source\repos\jaba\jaba\debug\jaba.tlog\metagen.write.1.tlog
